::1 - - [05/Mar/2026 12:08:42] "GET /campaigns.html HTTP/1.1" 200 -
::1 - - [05/Mar/2026 12:09:30] "GET /campaign-builder.html HTTP/1.1" 200 -
::1 - - [05/Mar/2026 12:49:44] "GET /campaign-builder.html?id=11c95113-1ac8-4a7b-b727-a746b9d989f6 HTTP/1.1" 200 -
::1 - - [05/Mar/2026 12:49:44] "GET /main.js HTTP/1.1" 304 -
::1 - - [05/Mar/2026 12:49:45] "GET /api.js HTTP/1.1" 304 -
::1 - - [05/Mar/2026 12:49:45] code 404, message File not found
::1 - - [05/Mar/2026 12:49:45] "GET /favicon.ico HTTP/1.1" 404 -
::1 - - [05/Mar/2026 12:49:46] "GET /login.html HTTP/1.1" 304 -
::1 - - [05/Mar/2026 12:49:46] "GET /login.html HTTP/1.1" 200 -
::1 - - [05/Mar/2026 12:49:46] "GET /login.html HTTP/1.1" 200 -
----------------------------------------
Exception occurred during processing of request from ('::1', 57209, 0, 0)
----------------------------------------
Exception occurred during processing of request from ('::1', 56924, 0, 0)
::1 - - [05/Mar/2026 12:49:46] "GET /campaigns.html HTTP/1.1" 200 -
Traceback (most recent call last):
  File "C:\Users\kano\AppData\Local\Programs\Python\Python314\Lib\socketserver.py", line 697, in process_request_thread
    self.finish_request(request, client_address)
    ~~~~~~~~~~~~~~~~~~~^^^^^^^^^^^^^^^^^^^^^^^^^
  File "C:\Users\kano\AppData\Local\Programs\Python\Python314\Lib\http\server.py", line 1407, in finish_request
    self.RequestHandlerClass(request, client_address, self,
    ~~~~~~~~~~~~~~~~~~~~~~~~^^^^^^^^^^^^^^^^^^^^^^^^^^^^^^^
                             directory=args.directory)
                             ^^^^^^^^^^^^^^^^^^^^^^^^^
  File "C:\Users\kano\AppData\Local\Programs\Python\Python314\Lib\http\server.py", line 728, in __init__
    super().__init__(*args, **kwargs)
    ~~~~~~~~~~~~~~~~^^^^^^^^^^^^^^^^^
  File "C:\Users\kano\AppData\Local\Programs\Python\Python314\Lib\socketserver.py", line 766, in __init__
    self.handle()
    ~~~~~~~~~~~^^
  File "C:\Users\kano\AppData\Local\Programs\Python\Python314\Lib\http\server.py", line 492, in handle
    self.handle_one_request()
    ~~~~~~~~~~~~~~~~~~~~~~~^^
  File "C:\Users\kano\AppData\Local\Programs\Python\Python314\Lib\http\server.py", line 480, in handle_one_request
    method()
    ~~~~~~^^
  File "C:\Users\kano\AppData\Local\Programs\Python\Python314\Lib\http\server.py", line 735, in do_GET
    self.copyfile(f, self.wfile)
    ~~~~~~~~~~~~~^^^^^^^^^^^^^^^
  File "C:\Users\kano\AppData\Local\Programs\Python\Python314\Lib\http\server.py", line 938, in copyfile
    shutil.copyfileobj(source, outputfile)
    ~~~~~~~~~~~~~~~~~~^^^^^^^^^^^^^^^^^^^^
  File "C:\Users\kano\AppData\Local\Programs\Python\Python314\Lib\shutil.py", line 257, in copyfileobj
    fdst_write(buf)
    ~~~~~~~~~~^^^^^
  File "C:\Users\kano\AppData\Local\Programs\Python\Python314\Lib\socketserver.py", line 845, in write
    self._sock.sendall(b)
    ~~~~~~~~~~~~~~~~~~^^^
Traceback (most recent call last):
ConnectionAbortedError: [WinError 10053] An established connection was aborted by the software in your host machine
  File "C:\Users\kano\AppData\Local\Programs\Python\Python314\Lib\socketserver.py", line 697, in process_request_thread
    self.finish_request(request, client_address)
    ~~~~~~~~~~~~~~~~~~~^^^^^^^^^^^^^^^^^^^^^^^^^
  File "C:\Users\kano\AppData\Local\Programs\Python\Python314\Lib\http\server.py", line 1407, in finish_request
    self.RequestHandlerClass(request, client_address, self,
    ~~~~~~~~~~~~~~~~~~~~~~~~^^^^^^^^^^^^^^^^^^^^^^^^^^^^^^^
                             directory=args.directory)
                             ^^^^^^^^^^^^^^^^^^^^^^^^^
  File "C:\Users\kano\AppData\Local\Programs\Python\Python314\Lib\http\server.py", line 728, in __init__
    super().__init__(*args, **kwargs)
    ~~~~~~~~~~~~~~~~^^^^^^^^^^^^^^^^^
----------------------------------------
  File "C:\Users\kano\AppData\Local\Programs\Python\Python314\Lib\socketserver.py", line 766, in __init__
    self.handle()
    ~~~~~~~~~~~^^
  File "C:\Users\kano\AppData\Local\Programs\Python\Python314\Lib\http\server.py", line 492, in handle
    self.handle_one_request()
    ~~~~~~~~~~~~~~~~~~~~~~~^^
  File "C:\Users\kano\AppData\Local\Programs\Python\Python314\Lib\http\server.py", line 480, in handle_one_request
    method()
    ~~~~~~^^
  File "C:\Users\kano\AppData\Local\Programs\Python\Python314\Lib\http\server.py", line 735, in do_GET
    self.copyfile(f, self.wfile)
    ~~~~~~~~~~~~~^^^^^^^^^^^^^^^
  File "C:\Users\kano\AppData\Local\Programs\Python\Python314\Lib\http\server.py", line 938, in copyfile
    shutil.copyfileobj(source, outputfile)
    ~~~~~~~~~~~~~~~~~~^^^^^^^^^^^^^^^^^^^^
  File "C:\Users\kano\AppData\Local\Programs\Python\Python314\Lib\shutil.py", line 257, in copyfileobj
    fdst_write(buf)
    ~~~~~~~~~~^^^^^
  File "C:\Users\kano\AppData\Local\Programs\Python\Python314\Lib\socketserver.py", line 845, in write
    self._sock.sendall(b)
    ~~~~~~~~~~~~~~~~~~^^^
ConnectionAbortedError: [WinError 10053] An established connection was aborted by the software in your host machine
::1 - - [05/Mar/2026 12:49:46] "GET /login.html HTTP/1.1" 200 -
----------------------------------------
::1 - - [05/Mar/2026 12:49:46] "GET /login.html HTTP/1.1" 200 -
::1 - - [05/Mar/2026 12:49:58] "GET /register.html HTTP/1.1" 304 -
::1 - - [05/Mar/2026 12:51:24] "GET /dashboard.html HTTP/1.1" 304 -
::1 - - [05/Mar/2026 12:51:30] "GET /leads.html HTTP/1.1" 304 -
::1 - - [05/Mar/2026 12:51:42] "GET /campaign-builder.html HTTP/1.1" 200 -
::1 - - [05/Mar/2026 12:52:20] "GET /analytics.html HTTP/1.1" 304 -
::1 - - [05/Mar/2026 12:52:22] "GET /settings.html HTTP/1.1" 304 -
::1 - - [05/Mar/2026 13:01:21] "GET /leads.html HTTP/1.1" 200 -
::1 - - [05/Mar/2026 13:01:21] "GET /analytics.html HTTP/1.1" 200 -
::1 - - [05/Mar/2026 13:01:21] "GET /settings.html HTTP/1.1" 200 -
::1 - - [05/Mar/2026 13:01:21] "GET /dashboard.html HTTP/1.1" 200 -
::1 - - [05/Mar/2026 13:04:44] "GET /campaign-builder.html?id=bf446116-c1e7-4de2-9db2-2488bb3cbd0d HTTP/1.1" 200 -
::1 - - [05/Mar/2026 13:40:46] "GET /settings.html HTTP/1.1" 200 -
::1 - - [05/Mar/2026 13:47:47] "GET /settings.html?google_auth=connected&email=spamchebhai@gmail.com HTTP/1.1" 200 -
::1 - - [05/Mar/2026 13:47:47] "GET /theme.css HTTP/1.1" 200 -
::1 - - [05/Mar/2026 13:47:54] "GET /campaigns.html HTTP/1.1" 304 -
::1 - - [05/Mar/2026 13:48:22] "GET /campaign-builder.html?id=bf446116-c1e7-4de2-9db2-2488bb3cbd0d HTTP/1.1" 304 -
::1 - - [05/Mar/2026 13:49:09] "GET /leads.html HTTP/1.1" 200 -
::1 - - [05/Mar/2026 13:50:40] "GET /dashboard.html HTTP/1.1" 200 -
::1 - - [05/Mar/2026 13:50:49] "GET /leads.html HTTP/1.1" 304 -
::1 - - [05/Mar/2026 13:50:53] "GET /leads.html HTTP/1.1" 304 -
::1 - - [05/Mar/2026 13:50:54] "GET /leads.html HTTP/1.1" 304 -
::1 - - [05/Mar/2026 13:50:55] "GET /leads.html HTTP/1.1" 304 -
::1 - - [05/Mar/2026 13:50:56] "GET /leads.html HTTP/1.1" 304 -
::1 - - [05/Mar/2026 13:51:37] "GET /analytics.html HTTP/1.1" 200 -
::1 - - [05/Mar/2026 13:51:53] "GET /analytics.html HTTP/1.1" 304 -
::1 - - [05/Mar/2026 13:51:54] "GET /analytics.html HTTP/1.1" 304 -
::1 - - [05/Mar/2026 13:51:55] "GET /analytics.html HTTP/1.1" 304 -
::1 - - [05/Mar/2026 13:52:37] "GET /analytics.html HTTP/1.1" 304 -
::1 - - [05/Mar/2026 13:52:38] "GET /analytics.html HTTP/1.1" 304 -
