::1 - - [11/Mar/2026 11:50:18] "GET /login.html HTTP/1.1" 200 -
::1 - - [11/Mar/2026 11:50:18] "GET /main.js HTTP/1.1" 304 -
::1 - - [11/Mar/2026 11:50:18] "GET /api.js HTTP/1.1" 200 -
::1 - - [11/Mar/2026 11:50:18] code 404, message File not found
::1 - - [11/Mar/2026 11:50:18] "GET /favicon.ico HTTP/1.1" 404 -
::1 - - [11/Mar/2026 11:50:35] "GET /dashboard.html HTTP/1.1" 304 -
::1 - - [11/Mar/2026 11:50:35] "GET /theme.css HTTP/1.1" 304 -
::1 - - [11/Mar/2026 11:50:39] "GET /leads.html HTTP/1.1" 304 -
::1 - - [11/Mar/2026 11:50:43] "GET /campaigns.html HTTP/1.1" 304 -
::1 - - [11/Mar/2026 11:50:57] "GET /analytics.html HTTP/1.1" 200 -
::1 - - [11/Mar/2026 11:51:44] "GET /campaign-builder.html?id=da11c2b8-cf91-4048-84aa-08f1559d4484 HTTP/1.1" 200 -
::1 - - [11/Mar/2026 11:53:21] "GET /leads.html HTTP/1.1" 304 -
::1 - - [11/Mar/2026 12:02:51] "GET /campaign-builder.html?id=da11c2b8-cf91-4048-84aa-08f1559d4484 HTTP/1.1" 304 -
::1 - - [11/Mar/2026 12:14:42] "GET /analytics.html HTTP/1.1" 304 -
::1 - - [11/Mar/2026 12:14:42] "GET /analytics.html HTTP/1.1" 304 -
::1 - - [11/Mar/2026 12:14:42] "GET /analytics.html HTTP/1.1" 304 -
::1 - - [11/Mar/2026 12:21:32] "GET /campaign-builder.html?id=da11c2b8-cf91-4048-84aa-08f1559d4484 HTTP/1.1" 200 -
::1 - - [11/Mar/2026 12:21:32] "GET /api.js?v=20260311 HTTP/1.1" 200 -
::1 - - [11/Mar/2026 12:21:32] "GET /campaign-builder.html?id=da11c2b8-cf91-4048-84aa-08f1559d4484 HTTP/1.1" 304 -
::1 - - [11/Mar/2026 12:21:32] "GET /campaign-builder.html?id=da11c2b8-cf91-4048-84aa-08f1559d4484 HTTP/1.1" 304 -
::1 - - [11/Mar/2026 12:21:32] "GET /campaign-builder.html?id=da11c2b8-cf91-4048-84aa-08f1559d4484 HTTP/1.1" 304 -
::1 - - [11/Mar/2026 12:21:33] "GET /campaign-builder.html?id=da11c2b8-cf91-4048-84aa-08f1559d4484 HTTP/1.1" 304 -
::1 - - [11/Mar/2026 12:23:19] "GET /campaign-builder.html?id=da11c2b8-cf91-4048-84aa-08f1559d4484 HTTP/1.1" 304 -
::1 - - [11/Mar/2026 12:23:19] "GET /api.js?v=20260311 HTTP/1.1" 304 -
::1 - - [11/Mar/2026 12:39:11] "GET /campaign-builder.html?id=da11c2b8-cf91-4048-84aa-08f1559d4484 HTTP/1.1" 200 -
::1 - - [11/Mar/2026 12:39:11] "GET /api.js?v=20260311 HTTP/1.1" 200 -
